<?xml version="1.0" encoding="UTF-8"?>
<!-- Generated by org.testng.reporters.JUnitReportReporter -->
<testsuite skipped="0" hostname="DESKTOP-RJFNSI8" name="umang.Homepage" tests="1" failures="0" timestamp="2020-03-02T05:35:18 EST" time="2.533" errors="0">
  <testcase name="VerifyUserloginmobno" time="2.533" classname="umang.Homepage"/>
</testsuite> <!-- umang.Homepage -->
