<?xml version="1.0" encoding="UTF-8"?>
<!-- Generated by org.testng.reporters.JUnitReportReporter -->
<testsuite skipped="0" hostname="DESKTOP-RJFNSI8" name="umang.Homepage" tests="1" failures="0" timestamp="2020-02-28T16:00:00 IST" time="1.489" errors="0">
  <testcase name="basePageNavigation" time="1.489" classname="umang.Homepage"/>
</testsuite> <!-- umang.Homepage -->
